[2022-11-04T00:47:32.494Z  Level: [33mwarn[39m  Método: GET Ruta inexistente: /estilos.css]
[2022-11-04T00:47:32.503Z  Level: [33mwarn[39m  Método: GET Ruta inexistente: /app.js]
[2022-11-04T00:47:32.516Z  Level: [33mwarn[39m  Método: GET Ruta inexistente: /favicon.ico]
[2022-11-04T00:47:57.894Z  Level: [33mwarn[39m  Método: GET Ruta inexistente: /zaraza]
[2022-11-04T00:50:02.508Z  Level: [33mwarn[39m  Método: GET Ruta inexistente: /estilos.css]
[2022-11-04T00:50:02.515Z  Level: [33mwarn[39m  Método: GET Ruta inexistente: /app.js]
[2022-11-04T00:51:12.976Z  Level: [33mwarn[39m  Método: GET Ruta inexistente: /public]
[2022-11-04T00:51:21.323Z  Level: [33mwarn[39m  Método: GET Ruta inexistente: /public/gatito.jpg]
[2022-11-04T02:18:57.507Z  Level: [33mwarn[39m  Método: GET Ruta inexistente: /public/gatito.jpg]
[2022-11-04T02:19:00.819Z  Level: [33mwarn[39m  Método: GET Ruta inexistente: /estilos.css]
[2022-11-04T02:28:47.172Z  Level: [33mwarn[39m  Método: GET Ruta inexistente: /estilos.css]
[2022-11-04T02:29:33.831Z  Level: [33mwarn[39m  Método: GET Ruta inexistente: /estilos.css]
[2022-11-04T02:29:35.163Z  Level: [33mwarn[39m  Método: GET Ruta inexistente: /estilos.css]
[2022-11-04T02:29:35.642Z  Level: [33mwarn[39m  Método: GET Ruta inexistente: /estilos.css]
[2022-11-04T02:29:35.854Z  Level: [33mwarn[39m  Método: GET Ruta inexistente: /estilos.css]
[2022-11-04T02:30:34.068Z  Level: [33mwarn[39m  Método: GET Ruta inexistente: /estilos.css]
[2022-11-04T02:30:35.967Z  Level: [33mwarn[39m  Método: GET Ruta inexistente: /estilos.css]
[2022-11-04T02:31:00.188Z  Level: [33mwarn[39m  Método: GET Ruta inexistente: /estilos.css]
[2022-11-04T02:32:52.352Z  Level: [33mwarn[39m  Método: GET Ruta inexistente: /estilos.css]
[2022-11-04T02:34:06.787Z  Level: [33mwarn[39m  Método: GET Ruta inexistente: /estilos.css]
[2022-11-04T02:34:37.994Z  Level: [33mwarn[39m  Método: GET Ruta inexistente: /estilos.css]
[2022-11-04T02:34:48.925Z  Level: [33mwarn[39m  Método: GET Ruta inexistente: /estilos.css]
[2022-11-04T02:36:08.064Z  Level: [33mwarn[39m  Método: GET Ruta inexistente: /estilos.css]
[2022-11-04T02:36:11.407Z  Level: [33mwarn[39m  Método: GET Ruta inexistente: /estilos.css]
[2022-11-04T02:38:46.895Z  Level: [33mwarn[39m  Método: GET Ruta inexistente: /estilos.css]
[2022-11-04T02:41:47.619Z  Level: [33mwarn[39m  Método: GET Ruta inexistente: /estilos.css]
[2022-11-04T02:44:23.485Z  Level: [33mwarn[39m  Método: GET Ruta inexistente: /estilos.css]
[2022-11-04T02:44:25.169Z  Level: [33mwarn[39m  Método: GET Ruta inexistente: /estilos.css]
[2022-11-04T02:44:26.668Z  Level: [33mwarn[39m  Método: GET Ruta inexistente: /estilos.css]
[2022-11-04T02:44:27.136Z  Level: [33mwarn[39m  Método: GET Ruta inexistente: /estilos.css]
[2022-11-04T02:48:46.557Z  Level: [33mwarn[39m  Método: GET Ruta inexistente: /estilos.css]
[2022-11-04T02:48:48.034Z  Level: [33mwarn[39m  Método: GET Ruta inexistente: /estilos.css]
[2022-11-04T02:48:49.433Z  Level: [33mwarn[39m  Método: GET Ruta inexistente: /estilos.css]
[2022-11-04T02:48:49.673Z  Level: [33mwarn[39m  Método: GET Ruta inexistente: /estilos.css]
[2022-11-04T02:48:49.902Z  Level: [33mwarn[39m  Método: GET Ruta inexistente: /estilos.css]
[2022-11-04T02:49:47.647Z  Level: [33mwarn[39m  Método: GET Ruta inexistente: /estilos.css]
[2022-11-04T02:50:01.543Z  Level: [33mwarn[39m  Método: GET Ruta inexistente: /estilos.css]
[2022-11-04T02:50:03.114Z  Level: [33mwarn[39m  Método: GET Ruta inexistente: /estilos.css]
[2022-11-04T02:50:03.862Z  Level: [33mwarn[39m  Método: GET Ruta inexistente: /estilos.css]
[2022-11-04T02:50:04.218Z  Level: [33mwarn[39m  Método: GET Ruta inexistente: /estilos.css]
[2022-11-04T02:50:04.461Z  Level: [33mwarn[39m  Método: GET Ruta inexistente: /estilos.css]
[2022-11-04T02:51:01.985Z  Level: [33mwarn[39m  Método: GET Ruta inexistente: /estilos.css]
[2022-11-04T02:51:02.991Z  Level: [33mwarn[39m  Método: GET Ruta inexistente: /estilos.css]
[2022-11-04T02:51:03.470Z  Level: [33mwarn[39m  Método: GET Ruta inexistente: /estilos.css]
[2022-11-04T02:51:03.723Z  Level: [33mwarn[39m  Método: GET Ruta inexistente: /estilos.css]
[2022-11-04T02:51:03.943Z  Level: [33mwarn[39m  Método: GET Ruta inexistente: /estilos.css]
[2022-11-04T02:51:04.206Z  Level: [33mwarn[39m  Método: GET Ruta inexistente: /estilos.css]
[2022-11-04T02:51:04.484Z  Level: [33mwarn[39m  Método: GET Ruta inexistente: /estilos.css]
[2022-11-04T02:53:28.008Z  Level: [33mwarn[39m  Método: GET Ruta inexistente: /estilos.css]
[2022-11-04T02:53:31.010Z  Level: [33mwarn[39m  Método: GET Ruta inexistente: /estilos.css]
[2022-11-04T02:53:31.578Z  Level: [33mwarn[39m  Método: GET Ruta inexistente: /estilos.css]
[2022-11-04T02:54:08.010Z  Level: [33mwarn[39m  Método: GET Ruta inexistente: /estilos.css]
[2022-11-04T02:54:10.008Z  Level: [33mwarn[39m  Método: GET Ruta inexistente: /estilos.css]
[2022-11-04T02:54:10.753Z  Level: [33mwarn[39m  Método: GET Ruta inexistente: /estilos.css]
[2022-11-04T02:54:11.144Z  Level: [33mwarn[39m  Método: GET Ruta inexistente: /estilos.css]
[2022-11-04T02:54:11.408Z  Level: [33mwarn[39m  Método: GET Ruta inexistente: /estilos.css]
[2022-11-04T02:54:58.251Z  Level: [33mwarn[39m  Método: GET Ruta inexistente: /estilos.css]
[2022-11-04T02:54:59.751Z  Level: [33mwarn[39m  Método: GET Ruta inexistente: /estilos.css]
[2022-11-04T02:55:00.402Z  Level: [33mwarn[39m  Método: GET Ruta inexistente: /estilos.css]
[2022-11-04T02:55:00.712Z  Level: [33mwarn[39m  Método: GET Ruta inexistente: /estilos.css]
[2022-11-04T02:55:00.934Z  Level: [33mwarn[39m  Método: GET Ruta inexistente: /estilos.css]
[2022-11-04T02:55:01.203Z  Level: [33mwarn[39m  Método: GET Ruta inexistente: /estilos.css]
[2022-11-04T03:01:30.138Z  Level: [33mwarn[39m  Método: GET Ruta inexistente: /views/estilos.css]
[2022-11-04T03:01:31.028Z  Level: [33mwarn[39m  Método: GET Ruta inexistente: /views/estilos.css]
[2022-11-04T03:01:31.334Z  Level: [33mwarn[39m  Método: GET Ruta inexistente: /views/estilos.css]
[2022-11-04T03:01:31.584Z  Level: [33mwarn[39m  Método: GET Ruta inexistente: /views/estilos.css]
[2022-11-04T03:01:31.846Z  Level: [33mwarn[39m  Método: GET Ruta inexistente: /views/estilos.css]
[2022-11-04T03:01:32.122Z  Level: [33mwarn[39m  Método: GET Ruta inexistente: /views/estilos.css]
[2022-11-04T03:01:32.430Z  Level: [33mwarn[39m  Método: GET Ruta inexistente: /views/estilos.css]
[2022-11-04T03:01:32.668Z  Level: [33mwarn[39m  Método: GET Ruta inexistente: /views/estilos.css]
[2022-11-04T03:01:32.896Z  Level: [33mwarn[39m  Método: GET Ruta inexistente: /views/estilos.css]
[2022-11-04T03:01:33.129Z  Level: [33mwarn[39m  Método: GET Ruta inexistente: /views/estilos.css]
[2022-11-04T03:01:33.380Z  Level: [33mwarn[39m  Método: GET Ruta inexistente: /views/estilos.css]
[2022-11-04T03:01:33.737Z  Level: [33mwarn[39m  Método: GET Ruta inexistente: /views/estilos.css]
[2022-11-04T03:01:34.046Z  Level: [33mwarn[39m  Método: GET Ruta inexistente: /views/estilos.css]
[2022-11-04T03:01:34.318Z  Level: [33mwarn[39m  Método: GET Ruta inexistente: /views/estilos.css]
[2022-11-04T03:01:34.604Z  Level: [33mwarn[39m  Método: GET Ruta inexistente: /views/estilos.css]
[2022-11-04T03:02:26.766Z  Level: [33mwarn[39m  Método: GET Ruta inexistente: /views/estilos.css]
[2022-11-04T03:02:27.909Z  Level: [33mwarn[39m  Método: GET Ruta inexistente: /views/estilos.css]
[2022-11-04T03:02:28.399Z  Level: [33mwarn[39m  Método: GET Ruta inexistente: /views/estilos.css]
[2022-11-04T03:02:28.632Z  Level: [33mwarn[39m  Método: GET Ruta inexistente: /views/estilos.css]
[2022-11-04T03:02:28.845Z  Level: [33mwarn[39m  Método: GET Ruta inexistente: /views/estilos.css]
[2022-11-04T03:02:29.058Z  Level: [33mwarn[39m  Método: GET Ruta inexistente: /views/estilos.css]
[2022-11-04T03:02:29.309Z  Level: [33mwarn[39m  Método: GET Ruta inexistente: /views/estilos.css]
[2022-11-04T03:02:29.553Z  Level: [33mwarn[39m  Método: GET Ruta inexistente: /views/estilos.css]
[2022-11-04T03:02:29.771Z  Level: [33mwarn[39m  Método: GET Ruta inexistente: /views/estilos.css]
[2022-11-04T03:02:45.491Z  Level: [33mwarn[39m  Método: GET Ruta inexistente: /estilos.css]
[2022-11-04T03:02:46.402Z  Level: [33mwarn[39m  Método: GET Ruta inexistente: /estilos.css]
[2022-11-04T03:02:46.640Z  Level: [33mwarn[39m  Método: GET Ruta inexistente: /estilos.css]
[2022-11-04T03:02:46.844Z  Level: [33mwarn[39m  Método: GET Ruta inexistente: /estilos.css]
[2022-11-04T03:02:47.051Z  Level: [33mwarn[39m  Método: GET Ruta inexistente: /estilos.css]
[2022-11-04T03:02:47.254Z  Level: [33mwarn[39m  Método: GET Ruta inexistente: /estilos.css]
[2022-11-04T03:02:47.462Z  Level: [33mwarn[39m  Método: GET Ruta inexistente: /estilos.css]
[2022-11-04T03:02:47.656Z  Level: [33mwarn[39m  Método: GET Ruta inexistente: /estilos.css]
[2022-11-04T03:02:47.835Z  Level: [33mwarn[39m  Método: GET Ruta inexistente: /estilos.css]
[2022-11-04T03:02:48.022Z  Level: [33mwarn[39m  Método: GET Ruta inexistente: /estilos.css]
[2022-11-04T03:02:48.222Z  Level: [33mwarn[39m  Método: GET Ruta inexistente: /estilos.css]
[2022-11-04T03:02:49.026Z  Level: [33mwarn[39m  Método: GET Ruta inexistente: /estilos.css]
[2022-11-04T03:02:49.467Z  Level: [33mwarn[39m  Método: GET Ruta inexistente: /estilos.css]
[2022-11-04T03:03:30.649Z  Level: [33mwarn[39m  Método: GET Ruta inexistente: /estilos.css]
[2022-11-04T03:03:31.716Z  Level: [33mwarn[39m  Método: GET Ruta inexistente: /estilos.css]
[2022-11-04T03:03:31.976Z  Level: [33mwarn[39m  Método: GET Ruta inexistente: /estilos.css]
[2022-11-04T03:05:21.025Z  Level: [33mwarn[39m  Método: GET Ruta inexistente: /estilos.css]
[2022-11-04T03:05:28.272Z  Level: [33mwarn[39m  Método: GET Ruta inexistente: /gatito.jpg]
[2022-11-04T03:05:37.146Z  Level: [33mwarn[39m  Método: GET Ruta inexistente: /public/gatito.jpg]
[2022-11-04T03:05:40.534Z  Level: [33mwarn[39m  Método: GET Ruta inexistente: /estilos.css]
[2022-11-04T03:07:59.264Z  Level: [33mwarn[39m  Método: GET Ruta inexistente: /estilos.css]
[2022-11-04T03:08:00.497Z  Level: [33mwarn[39m  Método: GET Ruta inexistente: /estilos.css]
[2022-11-04T03:08:01.043Z  Level: [33mwarn[39m  Método: GET Ruta inexistente: /estilos.css]
[2022-11-04T03:08:01.260Z  Level: [33mwarn[39m  Método: GET Ruta inexistente: /estilos.css]
[2022-11-04T03:08:01.476Z  Level: [33mwarn[39m  Método: GET Ruta inexistente: /estilos.css]
[2022-11-04T03:08:01.686Z  Level: [33mwarn[39m  Método: GET Ruta inexistente: /estilos.css]
[2022-11-04T03:08:01.921Z  Level: [33mwarn[39m  Método: GET Ruta inexistente: /estilos.css]
[2022-11-04T03:08:02.419Z  Level: [33mwarn[39m  Método: GET Ruta inexistente: /estilos.css]
[2022-11-04T03:08:02.649Z  Level: [33mwarn[39m  Método: GET Ruta inexistente: /estilos.css]
[2022-11-04T03:08:02.853Z  Level: [33mwarn[39m  Método: GET Ruta inexistente: /estilos.css]
[2022-11-04T03:08:04.397Z  Level: [33mwarn[39m  Método: GET Ruta inexistente: /estilos.css]
[2022-11-04T03:08:07.935Z  Level: [33mwarn[39m  Método: GET Ruta inexistente: /estilos.css]
[2022-11-04T03:09:59.297Z  Level: [33mwarn[39m  Método: GET Ruta inexistente: /views/estilos.css]
[2022-11-04T03:10:30.446Z  Level: [33mwarn[39m  Método: GET Ruta inexistente: /views/estilos.css]
[2022-11-04T03:10:31.017Z  Level: [33mwarn[39m  Método: GET Ruta inexistente: /views/estilos.css]
[2022-11-04T03:10:31.252Z  Level: [33mwarn[39m  Método: GET Ruta inexistente: /views/estilos.css]
[2022-11-04T03:10:31.415Z  Level: [33mwarn[39m  Método: GET Ruta inexistente: /views/estilos.css]
[2022-11-04T03:10:31.628Z  Level: [33mwarn[39m  Método: GET Ruta inexistente: /views/estilos.css]
[2022-11-04T03:10:31.854Z  Level: [33mwarn[39m  Método: GET Ruta inexistente: /views/estilos.css]
[2022-11-04T03:10:32.045Z  Level: [33mwarn[39m  Método: GET Ruta inexistente: /views/estilos.css]
[2022-11-04T03:10:35.624Z  Level: [33mwarn[39m  Método: GET Ruta inexistente: /views/estilos.css]
[2022-11-04T03:11:04.785Z  Level: [33mwarn[39m  Método: GET Ruta inexistente: /estilos.css]
[2022-11-04T03:11:28.610Z  Level: [33mwarn[39m  Método: GET Ruta inexistente: /estilos.css]
[2022-11-05T04:10:29.943Z  Level: [33mwarn[39m  Método: GET Ruta inexistente: /favicon.ico]
[2022-11-05T16:33:04.917Z  Level: [33mwarn[39m  Método: GET Ruta inexistente: /favicon.ico]
[2022-11-05T16:33:12.050Z  Level: [33mwarn[39m  Método: GET Ruta inexistente: /logout]
[2022-11-05T17:00:21.596Z  Level: [33mwarn[39m  Método: GET Ruta inexistente: /logout]
[2022-11-05T21:28:02.569Z  Level: [33mwarn[39m  Método: GET Ruta inexistente: /logout]
[2022-11-05T21:28:05.129Z  Level: [33mwarn[39m  Método: GET Ruta inexistente: /profile]
[2022-11-05T22:20:20.877Z  Level: [33mwarn[39m  Método: GET Ruta inexistente: /login]
[2022-11-06T01:32:20.307Z  Level: [33mwarn[39m  Método: GET Ruta inexistente: /singup]
